<?xml version="1.0" encoding="UTF-8"?>
<!-- Generated by org.testng.reporters.JUnitReportReporter -->
<testsuite hostname="DESKTOP-9HD1UFT" failures="0" tests="1" name="driverFactory.AppTest" time="17.241" errors="0" timestamp="2024-02-21T09:55:33 IST" skipped="0">
  <testcase classname="driverFactory.AppTest" name="kickStart" time="17.241"/>
</testsuite> <!-- driverFactory.AppTest -->
