<?xml version="1.0" encoding="UTF-8"?>
<!-- Generated by org.testng.reporters.JUnitReportReporter -->
<testsuite hostname="DESKTOP-9HD1UFT" failures="0" tests="1" name="driverFactory.AppTest" time="45.079" errors="0" timestamp="2024-02-22T10:39:04 IST" skipped="0">
  <testcase classname="driverFactory.AppTest" name="kickStart" time="45.079">
    <system-out>
      <![CDATA[Stock-000000564     Stock-000000564]]>
    </system-out>
  </testcase> <!-- kickStart -->
  <system-out>
    <![CDATA[Stock-000000564     Stock-000000564]]>
  </system-out>
</testsuite> <!-- driverFactory.AppTest -->
